[debug] [2026-01-15T16:46:19.183Z] ----------------------------------------------------------------------
[debug] [2026-01-15T16:46:19.200Z] Command:       C:\Program Files\nodejs\node.exe C:\Users\mambo\AppData\Roaming\npm\node_modules\firebase-tools\lib\bin\firebase.js emulators:start
[debug] [2026-01-15T16:46:19.200Z] CLI Version:   15.3.0
[debug] [2026-01-15T16:46:19.200Z] Platform:      win32
[debug] [2026-01-15T16:46:19.201Z] Node Version:  v24.11.0
[debug] [2026-01-15T16:46:19.201Z] Time:          Thu Jan 15 2026 17:46:19 GMT+0100 (Hora padrão da África Ocidental)
[debug] [2026-01-15T16:46:19.201Z] ----------------------------------------------------------------------
[debug] 
[debug] [2026-01-15T16:46:22.149Z] > command requires scopes: ["email","openid","https://www.googleapis.com/auth/cloudplatformprojects.readonly","https://www.googleapis.com/auth/firebase","https://www.googleapis.com/auth/cloud-platform"]
[debug] [2026-01-15T16:46:22.150Z] > authorizing via signed-in user (jonathamarielson@gmail.com)
[debug] [2026-01-15T16:46:22.183Z] Could not find VSCode notification endpoint: FetchError: request to http://localhost:40001/vscode/notify failed, reason: . If you are not running the Firebase Data Connect VSCode extension, this is expected and not an issue.
[info] i  emulators: Shutting down emulators. {"metadata":{"emulator":{"name":"hub"},"message":"Shutting down emulators."}}
[debug] [2026-01-15T16:46:22.193Z] Could not find VSCode notification endpoint: FetchError: request to http://localhost:40001/vscode/notify failed, reason: . If you are not running the Firebase Data Connect VSCode extension, this is expected and not an issue.
[debug] [2026-01-15T16:46:22.739Z] Error: spawn java ENOENT
    at ChildProcess._handle.onexit (node:internal/child_process:286:19)
    at onErrorNT (node:internal/child_process:484:16)
    at process.processTicksAndRejections (node:internal/process/task_queues:90:21)
[error] 
[error] Error: Could not spawn `java -version`. Please make sure Java is installed and on your system PATH.
[debug] [2026-01-15T16:46:23.008Z] Error: EBUSY: resource busy or locked, unlink 'C:\projects\kala-app\firebase-debug.log'
    at Object.unlinkSync (node:fs:1942:11)
    at process.<anonymous> (C:\Users\mambo\AppData\Roaming\npm\node_modules\firebase-tools\lib\bin\cli.js:44:16)
    at process.emit (node:events:520:35)
    at process.exit (node:internal/process/per_thread:236:15)
    at Timeout._onTimeout (C:\Users\mambo\AppData\Roaming\npm\node_modules\firebase-tools\lib\errorOut.js:20:17)
    at listOnTimeout (node:internal/timers:608:17)
    at process.processTimers (node:internal/timers:543:7)
[error] 
[error] Error: An unexpected error has occurred.
